# JRE version: OpenJDK Runtime Environment (17.0.6) (build 17.0.6+0-b2043.56-10027231)
# Java VM: OpenJDK 64-Bit Server VM (17.0.6+0-b2043.56-10027231, mixed mode, tiered, compressed oops, compressed class ptrs, g1 gc, windows-amd64)
GC Precious Log:
 CPUs: 8 total, 8 available
 Memory: 7975M
 Large Page Support: Disabled
 NUMA Support: Disabled
 Compressed Oops: Enabled (32-bit)
 Heap Region Size: 1M
 Heap Min Capacity: 8M
 Heap Initial Capacity: 126M
 Heap Max Capacity: 1994M
 Pre-touch: Disabled
 Parallel Workers: 8
 Concurrent Workers: 2
 Concurrent Refinement Workers: 8
 Periodic GC: Disabled
Heap:
 garbage-first heap   total 98304K, used 60971K [0x0000000083600000, 0x0000000100000000)
  region size 1024K, 23 young (23552K), 4 survivors (4096K)
 Metaspace       used 54843K, committed 55104K, reserved 1097728K
  class space    used 6414K, committed 6528K, reserved 1048576K
GC Heap History (20 events):
Event: 1.058 GC heap before
{Heap before GC invocations=3 (full 0):
 garbage-first heap   total 40960K, used 32898K [0x0000000083600000, 0x0000000100000000)
  region size 1024K, 23 young (23552K), 4 survivors (4096K)
 Metaspace       used 27377K, committed 27584K, reserved 1073152K
  class space    used 3007K, committed 3072K, reserved 1048576K
}
Event: 1.064 GC heap after
{Heap after GC invocations=4 (full 0):
 garbage-first heap   total 40960K, used 16297K [0x0000000083600000, 0x0000000100000000)
  region size 1024K, 6 young (6144K), 6 survivors (6144K)
 Metaspace       used 27377K, committed 27584K, reserved 1073152K
  class space    used 3007K, committed 3072K, reserved 1048576K
}
Event: 1.078 GC heap before
{Heap before GC invocations=4 (full 0):
 garbage-first heap   total 40960K, used 17321K [0x0000000083600000, 0x0000000100000000)
  region size 1024K, 7 young (7168K), 6 survivors (6144K)
 Metaspace       used 27776K, committed 27968K, reserved 1081344K
  class space    used 3045K, committed 3136K, reserved 1048576K
}
Event: 1.083 GC heap after
{Heap after GC invocations=5 (full 0):
 garbage-first heap   total 40960K, used 17029K [0x0000000083600000, 0x0000000100000000)
  region size 1024K, 1 young (1024K), 1 survivors (1024K)
 Metaspace       used 27776K, committed 27968K, reserved 1081344K
  class space    used 3045K, committed 3136K, reserved 1048576K
}
Event: 1.268 GC heap before
{Heap before GC invocations=5 (full 0):
 garbage-first heap   total 40960K, used 31365K [0x0000000083600000, 0x0000000100000000)
  region size 1024K, 15 young (15360K), 1 survivors (1024K)
 Metaspace       used 31579K, committed 31808K, reserved 1081344K
  class space    used 3830K, committed 3904K, reserved 1048576K
}
Event: 1.271 GC heap after
{Heap after GC invocations=6 (full 0):
 garbage-first heap   total 40960K, used 18106K [0x0000000083600000, 0x0000000100000000)
  region size 1024K, 2 young (2048K), 2 survivors (2048K)
 Metaspace       used 31579K, committed 31808K, reserved 1081344K
  class space    used 3830K, committed 3904K, reserved 1048576K
}
Event: 1.357 GC heap before
{Heap before GC invocations=6 (full 0):
 garbage-first heap   total 40960K, used 32442K [0x0000000083600000, 0x0000000100000000)
  region size 1024K, 15 young (15360K), 2 survivors (2048K)
 Metaspace       used 31985K, committed 32256K, reserved 1081344K
  class space    used 3874K, committed 3968K, reserved 1048576K
}
Event: 1.366 GC heap after
{Heap after GC invocations=7 (full 0):
 garbage-first heap   total 40960K, used 23762K [0x0000000083600000, 0x0000000100000000)
  region size 1024K, 2 young (2048K), 2 survivors (2048K)
 Metaspace       used 31985K, committed 32256K, reserved 1081344K
  class space    used 3874K, committed 3968K, reserved 1048576K
}
Event: 1.474 GC heap before
{Heap before GC invocations=7 (full 0):
 garbage-first heap   total 40960K, used 30930K [0x0000000083600000, 0x0000000100000000)
  region size 1024K, 9 young (9216K), 2 survivors (2048K)
 Metaspace       used 34201K, committed 34432K, reserved 1081344K
  class space    used 4342K, committed 4416K, reserved 1048576K
}
Event: 1.478 GC heap after
{Heap after GC invocations=8 (full 0):
 garbage-first heap   total 81920K, used 24614K [0x0000000083600000, 0x0000000100000000)
  region size 1024K, 1 young (1024K), 1 survivors (1024K)
 Metaspace       used 34201K, committed 34432K, reserved 1081344K
  class space    used 4342K, committed 4416K, reserved 1048576K
}
Event: 1.824 GC heap before
{Heap before GC invocations=9 (full 0):
 garbage-first heap   total 81920K, used 58406K [0x0000000083600000, 0x0000000100000000)
  region size 1024K, 34 young (34816K), 1 survivors (1024K)
 Metaspace       used 40552K, committed 40832K, reserved 1089536K
  class space    used 5009K, committed 5120K, reserved 1048576K
}
Event: 1.830 GC heap after
{Heap after GC invocations=10 (full 0):
 garbage-first heap   total 81920K, used 26707K [0x0000000083600000, 0x0000000100000000)
  region size 1024K, 5 young (5120K), 5 survivors (5120K)
 Metaspace       used 40552K, committed 40832K, reserved 1089536K
  class space    used 5009K, committed 5120K, reserved 1048576K
}
Event: 2.276 GC heap before
{Heap before GC invocations=10 (full 0):
 garbage-first heap   total 81920K, used 59475K [0x0000000083600000, 0x0000000100000000)
  region size 1024K, 37 young (37888K), 5 survivors (5120K)
 Metaspace       used 48215K, committed 48448K, reserved 1097728K
  class space    used 5823K, committed 5952K, reserved 1048576K
}
Event: 2.285 GC heap after
{Heap after GC invocations=11 (full 0):
 garbage-first heap   total 81920K, used 29933K [0x0000000083600000, 0x0000000100000000)
  region size 1024K, 4 young (4096K), 4 survivors (4096K)
 Metaspace       used 48215K, committed 48448K, reserved 1097728K
  class space    used 5823K, committed 5952K, reserved 1048576K
}
Event: 2.572 GC heap before
{Heap before GC invocations=11 (full 0):
 garbage-first heap   total 81920K, used 63725K [0x0000000083600000, 0x0000000100000000)
  region size 1024K, 34 young (34816K), 4 survivors (4096K)
 Metaspace       used 50885K, committed 51136K, reserved 1097728K
  class space    used 6086K, committed 6208K, reserved 1048576K
}
Event: 2.579 GC heap after
{Heap after GC invocations=12 (full 0):
 garbage-first heap   total 81920K, used 36813K [0x0000000083600000, 0x0000000100000000)
  region size 1024K, 5 young (5120K), 5 survivors (5120K)
 Metaspace       used 50885K, committed 51136K, reserved 1097728K
  class space    used 6086K, committed 6208K, reserved 1048576K
}
Event: 2.815 GC heap before
{Heap before GC invocations=12 (full 0):
 garbage-first heap   total 81920K, used 61389K [0x0000000083600000, 0x0000000100000000)
  region size 1024K, 30 young (30720K), 5 survivors (5120K)
 Metaspace       used 52299K, committed 52544K, reserved 1097728K
  class space    used 6237K, committed 6336K, reserved 1048576K
}
Event: 2.824 GC heap after
{Heap after GC invocations=13 (full 0):
 garbage-first heap   total 81920K, used 38601K [0x0000000083600000, 0x0000000100000000)
  region size 1024K, 4 young (4096K), 4 survivors (4096K)
 Metaspace       used 52299K, committed 52544K, reserved 1097728K
  class space    used 6237K, committed 6336K, reserved 1048576K
}
Event: 3.372 GC heap before
{Heap before GC invocations=13 (full 0):
 garbage-first heap   total 81920K, used 62153K [0x0000000083600000, 0x0000000100000000)
  region size 1024K, 27 young (27648K), 4 survivors (4096K)
 Metaspace       used 54197K, committed 54464K, reserved 1097728K
  class space    used 6372K, committed 6528K, reserved 1048576K
}
Event: 3.384 GC heap after
{Heap after GC invocations=14 (full 0):
 garbage-first heap   total 98304K, used 42539K [0x0000000083600000, 0x0000000100000000)
  region size 1024K, 4 young (4096K), 4 survivors (4096K)
 Metaspace       used 54197K, committed 54464K, reserved 1097728K
  class space    used 6372K, committed 6528K, reserved 1048576K
}

